Jul 25 2016 13:42:18,668 [main]  INFO - LOCATE order update process has started.
Jul 25 2016 13:42:19,212 [main]  INFO - There are no orders to update in LOCATE at this time.
Jul 25 2016 13:42:19,212 [main]  INFO - Locate order update process has completed.  Total 0 order(s) were updated. 0 error(s) occurred.
Jul 25 2016 13:50:03,246 [main]  INFO - LOCATE order update process has started.
Jul 25 2016 13:50:03,990 [main] ERROR - Error in updating locate order: ActionResponse=FAILED, Line number=0, Order Id=, Requst Id=1405, Description=Invalid order for request Id.
Jul 25 2016 13:50:04,372 [main]  INFO - Locate order update process has completed.  Total 0 order(s) were updated. 1 error(s) occurred.
Jul 25 2016 13:51:56,347 [main]  INFO - LOCATE order update process has started.
Jul 25 2016 13:51:58,070 [main] ERROR - com.pacsun.locate.process.LocateOrderUpdateRequestor : Error in LocateOrderUpdateProcess requestor.
AxisFault
 faultCode: {http://xml.apache.org/axis/}HTTP
 faultSubcode: 
 faultString: (0)null
 faultActor: 
 faultNode: 
 faultDetail: 
	{}:return code:  0

	{http://xml.apache.org/axis/}HttpErrorCode:0

(0)null
	at org.apache.axis.transport.http.HTTPSender.readFromSocket(HTTPSender.java:744)
	at org.apache.axis.transport.http.HTTPSender.invoke(HTTPSender.java:144)
	at org.apache.axis.strategies.InvocationStrategy.visit(InvocationStrategy.java:32)
	at org.apache.axis.SimpleChain.doVisiting(SimpleChain.java:118)
	at org.apache.axis.SimpleChain.invoke(SimpleChain.java:83)
	at org.apache.axis.client.AxisClient.invoke(AxisClient.java:165)
	at org.apache.axis.client.Call.invokeEngine(Call.java:2784)
	at org.apache.axis.client.Call.invoke(Call.java:2767)
	at org.apache.axis.client.Call.invoke(Call.java:2443)
	at org.apache.axis.client.Call.invoke(Call.java:2366)
	at org.apache.axis.client.Call.invoke(Call.java:1812)
	at com.microsretail.Locate.LocateServiceSoapBindingStub.orderUpdate(LocateServiceSoapBindingStub.java:1242)
	at com.microsretail.Locate.LocateProxy.orderUpdate(LocateProxy.java:62)
	at com.pacsun.locate.webservice.invoker.WebServiceInvoker.callOrderUpdateRequest(WebServiceInvoker.java:52)
	at com.pacsun.locate.process.LocateOrderUpdateProcess.updateLocateOrder(LocateOrderUpdateProcess.java:96)
	at com.pacsun.locate.process.LocateOrderUpdateProcess.run(LocateOrderUpdateProcess.java:65)
	at com.pacsun.locate.process.LocateOrderUpdateRequestor.run(LocateOrderUpdateRequestor.java:31)
	at com.pacsun.locate.process.LocateOrderUpdateRequestor.main(LocateOrderUpdateRequestor.java:17)

Jul 25 2016 13:51:58,081 [main] ERROR - java.lang.Exception: com.pacsun.locate.process.LocateOrderUpdateRequestor : Error in LocateOrderUpdateProcess requestor.
AxisFault
 faultCode: {http://xml.apache.org/axis/}HTTP
 faultSubcode: 
 faultString: (0)null
 faultActor: 
 faultNode: 
 faultDetail: 
	{}:return code:  0

	{http://xml.apache.org/axis/}HttpErrorCode:0

(0)null
	at org.apache.axis.transport.http.HTTPSender.readFromSocket(HTTPSender.java:744)
	at org.apache.axis.transport.http.HTTPSender.invoke(HTTPSender.java:144)
	at org.apache.axis.strategies.InvocationStrategy.visit(InvocationStrategy.java:32)
	at org.apache.axis.SimpleChain.doVisiting(SimpleChain.java:118)
	at org.apache.axis.SimpleChain.invoke(SimpleChain.java:83)
	at org.apache.axis.client.AxisClient.invoke(AxisClient.java:165)
	at org.apache.axis.client.Call.invokeEngine(Call.java:2784)
	at org.apache.axis.client.Call.invoke(Call.java:2767)
	at org.apache.axis.client.Call.invoke(Call.java:2443)
	at org.apache.axis.client.Call.invoke(Call.java:2366)
	at org.apache.axis.client.Call.invoke(Call.java:1812)
	at com.microsretail.Locate.LocateServiceSoapBindingStub.orderUpdate(LocateServiceSoapBindingStub.java:1242)
	at com.microsretail.Locate.LocateProxy.orderUpdate(LocateProxy.java:62)
	at com.pacsun.locate.webservice.invoker.WebServiceInvoker.callOrderUpdateRequest(WebServiceInvoker.java:52)
	at com.pacsun.locate.process.LocateOrderUpdateProcess.updateLocateOrder(LocateOrderUpdateProcess.java:96)
	at com.pacsun.locate.process.LocateOrderUpdateProcess.run(LocateOrderUpdateProcess.java:65)
	at com.pacsun.locate.process.LocateOrderUpdateRequestor.run(LocateOrderUpdateRequestor.java:31)
	at com.pacsun.locate.process.LocateOrderUpdateRequestor.main(LocateOrderUpdateRequestor.java:17)

	at com.pacsun.locate.process.LocateOrderUpdateRequestor.run(LocateOrderUpdateRequestor.java:36)
	at com.pacsun.locate.process.LocateOrderUpdateRequestor.main(LocateOrderUpdateRequestor.java:17)

