Jun 10 2016 05:56:31,691 [main]  INFO - HCANN000001: Hibernate Commons Annotations {4.0.1.Final}
Jun 10 2016 05:56:31,700 [main]  INFO - HHH000412: Hibernate Core {4.0.1.Final}
Jun 10 2016 05:56:31,701 [main]  INFO - HHH000206: hibernate.properties not found
Jun 10 2016 05:56:31,703 [main]  INFO - HHH000021: Bytecode provider name : javassist
Jun 10 2016 05:56:33,039 [main]  WARN - HHH000342: Could not obtain connection to query metadata : java.net.ConnectException: Connection refused: connect
Jun 10 2016 05:56:33,053 [main]  INFO - HHH000400: Using dialect: org.hibernate.dialect.HSQLDialect
Jun 10 2016 05:56:33,068 [main]  INFO - HHH000422: Disabling contextual LOB creation as connection was null
Jun 10 2016 05:56:33,078 [main]  INFO - HHH000399: Using default transaction strategy (direct JDBC transactions)
Jun 10 2016 05:56:33,082 [main]  INFO - HHH000397: Using ASTQueryTranslatorFactory
Jun 10 2016 05:56:33,337 [main]  INFO - HHH000228: Running hbm2ddl schema update
Jun 10 2016 05:56:33,337 [main]  INFO - HHH000102: Fetching database metadata
Jun 10 2016 05:56:34,340 [main] ERROR - HHH000319: Could not get database metadata
java.sql.SQLTransientConnectionException: java.net.ConnectException: Connection refused: connect
	at org.hsqldb.jdbc.JDBCUtil.sqlException(Unknown Source)
	at org.hsqldb.jdbc.JDBCUtil.sqlException(Unknown Source)
	at org.hsqldb.jdbc.JDBCConnection.<init>(Unknown Source)
	at org.hsqldb.jdbc.JDBCDriver.getConnection(Unknown Source)
	at org.hsqldb.jdbc.JDBCDriver.connect(Unknown Source)
	at java.sql.DriverManager.getConnection(DriverManager.java:664)
	at java.sql.DriverManager.getConnection(DriverManager.java:208)
	at org.springframework.jdbc.datasource.DriverManagerDataSource.getConnectionFromDriverManager(DriverManagerDataSource.java:153)
	at org.springframework.jdbc.datasource.DriverManagerDataSource.getConnectionFromDriver(DriverManagerDataSource.java:144)
	at org.springframework.jdbc.datasource.AbstractDriverBasedDataSource.getConnectionFromDriver(AbstractDriverBasedDataSource.java:155)
	at org.springframework.jdbc.datasource.AbstractDriverBasedDataSource.getConnection(AbstractDriverBasedDataSource.java:120)
	at org.hibernate.service.jdbc.connections.internal.DatasourceConnectionProviderImpl.getConnection(DatasourceConnectionProviderImpl.java:141)
	at org.hibernate.tool.hbm2ddl.SuppliedConnectionProviderConnectionHelper.prepare(SuppliedConnectionProviderConnectionHelper.java:51)
	at org.hibernate.tool.hbm2ddl.SchemaUpdate.execute(SchemaUpdate.java:194)
	at org.hibernate.tool.hbm2ddl.SchemaUpdate.execute(SchemaUpdate.java:178)
	at org.hibernate.internal.SessionFactoryImpl.<init>(SessionFactoryImpl.java:457)
	at org.hibernate.cfg.Configuration.buildSessionFactory(Configuration.java:1737)
	at org.hibernate.cfg.Configuration.buildSessionFactory(Configuration.java:1775)
	at org.springframework.orm.hibernate4.LocalSessionFactoryBuilder.buildSessionFactory(LocalSessionFactoryBuilder.java:343)
	at org.springframework.orm.hibernate4.LocalSessionFactoryBean.buildSessionFactory(LocalSessionFactoryBean.java:431)
	at org.springframework.orm.hibernate4.LocalSessionFactoryBean.afterPropertiesSet(LocalSessionFactoryBean.java:416)
	at org.springframework.beans.factory.support.AbstractAutowireCapableBeanFactory.invokeInitMethods(AbstractAutowireCapableBeanFactory.java:1612)
	at org.springframework.beans.factory.support.AbstractAutowireCapableBeanFactory.initializeBean(AbstractAutowireCapableBeanFactory.java:1549)
	at org.springframework.beans.factory.support.AbstractAutowireCapableBeanFactory.doCreateBean(AbstractAutowireCapableBeanFactory.java:539)
	at org.springframework.beans.factory.support.AbstractAutowireCapableBeanFactory.createBean(AbstractAutowireCapableBeanFactory.java:475)
	at org.springframework.beans.factory.support.AbstractBeanFactory$1.getObject(AbstractBeanFactory.java:304)
	at org.springframework.beans.factory.support.DefaultSingletonBeanRegistry.getSingleton(DefaultSingletonBeanRegistry.java:228)
	at org.springframework.beans.factory.support.AbstractBeanFactory.doGetBean(AbstractBeanFactory.java:300)
	at org.springframework.beans.factory.support.AbstractBeanFactory.getBean(AbstractBeanFactory.java:195)
	at org.springframework.beans.factory.support.DefaultListableBeanFactory.findAutowireCandidates(DefaultListableBeanFactory.java:1014)
	at org.springframework.beans.factory.support.DefaultListableBeanFactory.doResolveDependency(DefaultListableBeanFactory.java:957)
	at org.springframework.beans.factory.support.DefaultListableBeanFactory.resolveDependency(DefaultListableBeanFactory.java:855)
	at org.springframework.beans.factory.annotation.AutowiredAnnotationBeanPostProcessor$AutowiredFieldElement.inject(AutowiredAnnotationBeanPostProcessor.java:480)
	at org.springframework.beans.factory.annotation.InjectionMetadata.inject(InjectionMetadata.java:87)
	at org.springframework.beans.factory.annotation.AutowiredAnnotationBeanPostProcessor.postProcessPropertyValues(AutowiredAnnotationBeanPostProcessor.java:289)
	at org.springframework.beans.factory.support.AbstractAutowireCapableBeanFactory.populateBean(AbstractAutowireCapableBeanFactory.java:1185)
	at org.springframework.beans.factory.support.AbstractAutowireCapableBeanFactory.doCreateBean(AbstractAutowireCapableBeanFactory.java:537)
	at org.springframework.beans.factory.support.AbstractAutowireCapableBeanFactory.createBean(AbstractAutowireCapableBeanFactory.java:475)
	at org.springframework.beans.factory.support.AbstractBeanFactory$1.getObject(AbstractBeanFactory.java:304)
	at org.springframework.beans.factory.support.DefaultSingletonBeanRegistry.getSingleton(DefaultSingletonBeanRegistry.java:228)
	at org.springframework.beans.factory.support.AbstractBeanFactory.doGetBean(AbstractBeanFactory.java:300)
	at org.springframework.beans.factory.support.AbstractBeanFactory.getBean(AbstractBeanFactory.java:195)
	at org.springframework.beans.factory.support.DefaultListableBeanFactory.preInstantiateSingletons(DefaultListableBeanFactory.java:700)
	at org.springframework.context.support.AbstractApplicationContext.finishBeanFactoryInitialization(AbstractApplicationContext.java:760)
	at org.springframework.context.support.AbstractApplicationContext.refresh(AbstractApplicationContext.java:482)
	at org.springframework.context.support.ClassPathXmlApplicationContext.<init>(ClassPathXmlApplicationContext.java:139)
	at org.springframework.context.support.ClassPathXmlApplicationContext.<init>(ClassPathXmlApplicationContext.java:83)
	at com.pacsun.locate.submitorder.process.LocateSubmitOrderRequestor.run(LocateSubmitOrderRequestor.java:26)
	at com.pacsun.locate.submitorder.process.LocateSubmitOrderRequestor.main(LocateSubmitOrderRequestor.java:17)
Caused by: org.hsqldb.HsqlException: java.net.ConnectException: Connection refused: connect
	at org.hsqldb.ClientConnection.openConnection(Unknown Source)
	at org.hsqldb.ClientConnection.initConnection(Unknown Source)
	at org.hsqldb.ClientConnection.<init>(Unknown Source)
	... 47 more
Caused by: java.net.ConnectException: Connection refused: connect
	at java.net.DualStackPlainSocketImpl.connect0(Native Method)
	at java.net.DualStackPlainSocketImpl.socketConnect(DualStackPlainSocketImpl.java:79)
	at java.net.AbstractPlainSocketImpl.doConnect(AbstractPlainSocketImpl.java:345)
	at java.net.AbstractPlainSocketImpl.connectToAddress(AbstractPlainSocketImpl.java:206)
	at java.net.AbstractPlainSocketImpl.connect(AbstractPlainSocketImpl.java:188)
	at java.net.PlainSocketImpl.connect(PlainSocketImpl.java:172)
	at java.net.SocksSocketImpl.connect(SocksSocketImpl.java:392)
	at java.net.Socket.connect(Socket.java:589)
	at java.net.Socket.connect(Socket.java:538)
	at java.net.Socket.<init>(Socket.java:434)
	at java.net.Socket.<init>(Socket.java:211)
	at org.hsqldb.server.HsqlSocketFactory.createSocket(Unknown Source)
	... 50 more
Jun 10 2016 05:56:34,352 [main] ERROR - HHH000299: Could not complete schema update
java.sql.SQLTransientConnectionException: java.net.ConnectException: Connection refused: connect
	at org.hsqldb.jdbc.JDBCUtil.sqlException(Unknown Source)
	at org.hsqldb.jdbc.JDBCUtil.sqlException(Unknown Source)
	at org.hsqldb.jdbc.JDBCConnection.<init>(Unknown Source)
	at org.hsqldb.jdbc.JDBCDriver.getConnection(Unknown Source)
	at org.hsqldb.jdbc.JDBCDriver.connect(Unknown Source)
	at java.sql.DriverManager.getConnection(DriverManager.java:664)
	at java.sql.DriverManager.getConnection(DriverManager.java:208)
	at org.springframework.jdbc.datasource.DriverManagerDataSource.getConnectionFromDriverManager(DriverManagerDataSource.java:153)
	at org.springframework.jdbc.datasource.DriverManagerDataSource.getConnectionFromDriver(DriverManagerDataSource.java:144)
	at org.springframework.jdbc.datasource.AbstractDriverBasedDataSource.getConnectionFromDriver(AbstractDriverBasedDataSource.java:155)
	at org.springframework.jdbc.datasource.AbstractDriverBasedDataSource.getConnection(AbstractDriverBasedDataSource.java:120)
	at org.hibernate.service.jdbc.connections.internal.DatasourceConnectionProviderImpl.getConnection(DatasourceConnectionProviderImpl.java:141)
	at org.hibernate.tool.hbm2ddl.SuppliedConnectionProviderConnectionHelper.prepare(SuppliedConnectionProviderConnectionHelper.java:51)
	at org.hibernate.tool.hbm2ddl.SchemaUpdate.execute(SchemaUpdate.java:194)
	at org.hibernate.tool.hbm2ddl.SchemaUpdate.execute(SchemaUpdate.java:178)
	at org.hibernate.internal.SessionFactoryImpl.<init>(SessionFactoryImpl.java:457)
	at org.hibernate.cfg.Configuration.buildSessionFactory(Configuration.java:1737)
	at org.hibernate.cfg.Configuration.buildSessionFactory(Configuration.java:1775)
	at org.springframework.orm.hibernate4.LocalSessionFactoryBuilder.buildSessionFactory(LocalSessionFactoryBuilder.java:343)
	at org.springframework.orm.hibernate4.LocalSessionFactoryBean.buildSessionFactory(LocalSessionFactoryBean.java:431)
	at org.springframework.orm.hibernate4.LocalSessionFactoryBean.afterPropertiesSet(LocalSessionFactoryBean.java:416)
	at org.springframework.beans.factory.support.AbstractAutowireCapableBeanFactory.invokeInitMethods(AbstractAutowireCapableBeanFactory.java:1612)
	at org.springframework.beans.factory.support.AbstractAutowireCapableBeanFactory.initializeBean(AbstractAutowireCapableBeanFactory.java:1549)
	at org.springframework.beans.factory.support.AbstractAutowireCapableBeanFactory.doCreateBean(AbstractAutowireCapableBeanFactory.java:539)
	at org.springframework.beans.factory.support.AbstractAutowireCapableBeanFactory.createBean(AbstractAutowireCapableBeanFactory.java:475)
	at org.springframework.beans.factory.support.AbstractBeanFactory$1.getObject(AbstractBeanFactory.java:304)
	at org.springframework.beans.factory.support.DefaultSingletonBeanRegistry.getSingleton(DefaultSingletonBeanRegistry.java:228)
	at org.springframework.beans.factory.support.AbstractBeanFactory.doGetBean(AbstractBeanFactory.java:300)
	at org.springframework.beans.factory.support.AbstractBeanFactory.getBean(AbstractBeanFactory.java:195)
	at org.springframework.beans.factory.support.DefaultListableBeanFactory.findAutowireCandidates(DefaultListableBeanFactory.java:1014)
	at org.springframework.beans.factory.support.DefaultListableBeanFactory.doResolveDependency(DefaultListableBeanFactory.java:957)
	at org.springframework.beans.factory.support.DefaultListableBeanFactory.resolveDependency(DefaultListableBeanFactory.java:855)
	at org.springframework.beans.factory.annotation.AutowiredAnnotationBeanPostProcessor$AutowiredFieldElement.inject(AutowiredAnnotationBeanPostProcessor.java:480)
	at org.springframework.beans.factory.annotation.InjectionMetadata.inject(InjectionMetadata.java:87)
	at org.springframework.beans.factory.annotation.AutowiredAnnotationBeanPostProcessor.postProcessPropertyValues(AutowiredAnnotationBeanPostProcessor.java:289)
	at org.springframework.beans.factory.support.AbstractAutowireCapableBeanFactory.populateBean(AbstractAutowireCapableBeanFactory.java:1185)
	at org.springframework.beans.factory.support.AbstractAutowireCapableBeanFactory.doCreateBean(AbstractAutowireCapableBeanFactory.java:537)
	at org.springframework.beans.factory.support.AbstractAutowireCapableBeanFactory.createBean(AbstractAutowireCapableBeanFactory.java:475)
	at org.springframework.beans.factory.support.AbstractBeanFactory$1.getObject(AbstractBeanFactory.java:304)
	at org.springframework.beans.factory.support.DefaultSingletonBeanRegistry.getSingleton(DefaultSingletonBeanRegistry.java:228)
	at org.springframework.beans.factory.support.AbstractBeanFactory.doGetBean(AbstractBeanFactory.java:300)
	at org.springframework.beans.factory.support.AbstractBeanFactory.getBean(AbstractBeanFactory.java:195)
	at org.springframework.beans.factory.support.DefaultListableBeanFactory.preInstantiateSingletons(DefaultListableBeanFactory.java:700)
	at org.springframework.context.support.AbstractApplicationContext.finishBeanFactoryInitialization(AbstractApplicationContext.java:760)
	at org.springframework.context.support.AbstractApplicationContext.refresh(AbstractApplicationContext.java:482)
	at org.springframework.context.support.ClassPathXmlApplicationContext.<init>(ClassPathXmlApplicationContext.java:139)
	at org.springframework.context.support.ClassPathXmlApplicationContext.<init>(ClassPathXmlApplicationContext.java:83)
	at com.pacsun.locate.submitorder.process.LocateSubmitOrderRequestor.run(LocateSubmitOrderRequestor.java:26)
	at com.pacsun.locate.submitorder.process.LocateSubmitOrderRequestor.main(LocateSubmitOrderRequestor.java:17)
Caused by: org.hsqldb.HsqlException: java.net.ConnectException: Connection refused: connect
	at org.hsqldb.ClientConnection.openConnection(Unknown Source)
	at org.hsqldb.ClientConnection.initConnection(Unknown Source)
	at org.hsqldb.ClientConnection.<init>(Unknown Source)
	... 47 more
Caused by: java.net.ConnectException: Connection refused: connect
	at java.net.DualStackPlainSocketImpl.connect0(Native Method)
	at java.net.DualStackPlainSocketImpl.socketConnect(DualStackPlainSocketImpl.java:79)
	at java.net.AbstractPlainSocketImpl.doConnect(AbstractPlainSocketImpl.java:345)
	at java.net.AbstractPlainSocketImpl.connectToAddress(AbstractPlainSocketImpl.java:206)
	at java.net.AbstractPlainSocketImpl.connect(AbstractPlainSocketImpl.java:188)
	at java.net.PlainSocketImpl.connect(PlainSocketImpl.java:172)
	at java.net.SocksSocketImpl.connect(SocksSocketImpl.java:392)
	at java.net.Socket.connect(Socket.java:589)
	at java.net.Socket.connect(Socket.java:538)
	at java.net.Socket.<init>(Socket.java:434)
	at java.net.Socket.<init>(Socket.java:211)
	at org.hsqldb.server.HsqlSocketFactory.createSocket(Unknown Source)
	... 50 more
Jun 10 2016 05:56:35,745 [main]  WARN - SQL Error: -1301, SQLState: 08001
Jun 10 2016 05:56:35,746 [main] ERROR - java.net.ConnectException: Connection refused: connect
Jun 10 2016 05:56:35,758 [main] ERROR - com.pacsun.locate.submitorder.process.LocateSubmitOrderRequestor : Error in Locate Submit Order requestor.
org.springframework.transaction.CannotCreateTransactionException: Could not open Hibernate Session for transaction; nested exception is org.hibernate.exception.JDBCConnectionException: Could not open connection
	at org.springframework.orm.hibernate4.HibernateTransactionManager.doBegin(HibernateTransactionManager.java:515)
	at org.springframework.transaction.support.AbstractPlatformTransactionManager.getTransaction(AbstractPlatformTransactionManager.java:373)
	at org.springframework.transaction.interceptor.TransactionAspectSupport.createTransactionIfNecessary(TransactionAspectSupport.java:420)
	at org.springframework.transaction.interceptor.TransactionAspectSupport.invokeWithinTransaction(TransactionAspectSupport.java:257)
	at org.springframework.transaction.interceptor.TransactionInterceptor.invoke(TransactionInterceptor.java:95)
	at org.springframework.aop.framework.ReflectiveMethodInvocation.proceed(ReflectiveMethodInvocation.java:179)
	at org.springframework.aop.framework.JdkDynamicAopProxy.invoke(JdkDynamicAopProxy.java:207)
	at com.sun.proxy.$Proxy21.findUnprocessedOrders(Unknown Source)
	at com.pacsun.locate.submitorder.process.LocateSubmitOrderProcess.getDemandwareOrdersToProcess(LocateSubmitOrderProcess.java:108)
	at com.pacsun.locate.submitorder.process.LocateSubmitOrderProcess.run(LocateSubmitOrderProcess.java:42)
	at com.pacsun.locate.submitorder.process.LocateSubmitOrderRequestor.run(LocateSubmitOrderRequestor.java:30)
	at com.pacsun.locate.submitorder.process.LocateSubmitOrderRequestor.main(LocateSubmitOrderRequestor.java:17)
Caused by: org.hibernate.exception.JDBCConnectionException: Could not open connection
	at org.hibernate.exception.internal.SQLExceptionTypeDelegate.convert(SQLExceptionTypeDelegate.java:67)
	at org.hibernate.exception.internal.StandardSQLExceptionConverter.convert(StandardSQLExceptionConverter.java:47)
	at org.hibernate.engine.jdbc.spi.SqlExceptionHelper.convert(SqlExceptionHelper.java:125)
	at org.hibernate.engine.jdbc.spi.SqlExceptionHelper.convert(SqlExceptionHelper.java:110)
	at org.hibernate.engine.jdbc.internal.LogicalConnectionImpl.obtainConnection(LogicalConnectionImpl.java:304)
	at org.hibernate.engine.jdbc.internal.LogicalConnectionImpl.getConnection(LogicalConnectionImpl.java:169)
	at org.hibernate.engine.transaction.internal.jdbc.JdbcTransaction.doBegin(JdbcTransaction.java:67)
	at org.hibernate.engine.transaction.spi.AbstractTransactionImpl.begin(AbstractTransactionImpl.java:160)
	at org.hibernate.internal.SessionImpl.beginTransaction(SessionImpl.java:1263)
	at org.springframework.orm.hibernate4.HibernateTransactionManager.doBegin(HibernateTransactionManager.java:474)
	... 11 more
Caused by: java.sql.SQLTransientConnectionException: java.net.ConnectException: Connection refused: connect
	at org.hsqldb.jdbc.JDBCUtil.sqlException(Unknown Source)
	at org.hsqldb.jdbc.JDBCUtil.sqlException(Unknown Source)
	at org.hsqldb.jdbc.JDBCConnection.<init>(Unknown Source)
	at org.hsqldb.jdbc.JDBCDriver.getConnection(Unknown Source)
	at org.hsqldb.jdbc.JDBCDriver.connect(Unknown Source)
	at java.sql.DriverManager.getConnection(DriverManager.java:664)
	at java.sql.DriverManager.getConnection(DriverManager.java:208)
	at org.springframework.jdbc.datasource.DriverManagerDataSource.getConnectionFromDriverManager(DriverManagerDataSource.java:153)
	at org.springframework.jdbc.datasource.DriverManagerDataSource.getConnectionFromDriver(DriverManagerDataSource.java:144)
	at org.springframework.jdbc.datasource.AbstractDriverBasedDataSource.getConnectionFromDriver(AbstractDriverBasedDataSource.java:155)
	at org.springframework.jdbc.datasource.AbstractDriverBasedDataSource.getConnection(AbstractDriverBasedDataSource.java:120)
	at org.hibernate.service.jdbc.connections.internal.DatasourceConnectionProviderImpl.getConnection(DatasourceConnectionProviderImpl.java:141)
	at org.hibernate.internal.AbstractSessionImpl$NonContextualJdbcConnectionAccess.obtainConnection(AbstractSessionImpl.java:276)
	at org.hibernate.engine.jdbc.internal.LogicalConnectionImpl.obtainConnection(LogicalConnectionImpl.java:297)
	... 16 more
Caused by: org.hsqldb.HsqlException: java.net.ConnectException: Connection refused: connect
	at org.hsqldb.ClientConnection.openConnection(Unknown Source)
	at org.hsqldb.ClientConnection.initConnection(Unknown Source)
	at org.hsqldb.ClientConnection.<init>(Unknown Source)
	... 28 more
Caused by: java.net.ConnectException: Connection refused: connect
	at java.net.DualStackPlainSocketImpl.connect0(Native Method)
	at java.net.DualStackPlainSocketImpl.socketConnect(DualStackPlainSocketImpl.java:79)
	at java.net.AbstractPlainSocketImpl.doConnect(AbstractPlainSocketImpl.java:345)
	at java.net.AbstractPlainSocketImpl.connectToAddress(AbstractPlainSocketImpl.java:206)
	at java.net.AbstractPlainSocketImpl.connect(AbstractPlainSocketImpl.java:188)
	at java.net.PlainSocketImpl.connect(PlainSocketImpl.java:172)
	at java.net.SocksSocketImpl.connect(SocksSocketImpl.java:392)
	at java.net.Socket.connect(Socket.java:589)
	at java.net.Socket.connect(Socket.java:538)
	at java.net.Socket.<init>(Socket.java:434)
	at java.net.Socket.<init>(Socket.java:211)
	at org.hsqldb.server.HsqlSocketFactory.createSocket(Unknown Source)
	... 31 more

Jun 10 2016 06:02:01,992 [main]  INFO - HCANN000001: Hibernate Commons Annotations {4.0.1.Final}
Jun 10 2016 06:02:01,999 [main]  INFO - HHH000412: Hibernate Core {4.0.1.Final}
Jun 10 2016 06:02:02,001 [main]  INFO - HHH000206: hibernate.properties not found
Jun 10 2016 06:02:02,002 [main]  INFO - HHH000021: Bytecode provider name : javassist
Jun 10 2016 06:02:02,657 [main]  INFO - HHH000400: Using dialect: org.hibernate.dialect.HSQLDialect
Jun 10 2016 06:02:02,682 [main]  INFO - HHH000399: Using default transaction strategy (direct JDBC transactions)
Jun 10 2016 06:02:02,686 [main]  INFO - HHH000397: Using ASTQueryTranslatorFactory
Jun 10 2016 06:02:02,977 [main]  INFO - HHH000228: Running hbm2ddl schema update
Jun 10 2016 06:02:02,977 [main]  INFO - HHH000102: Fetching database metadata
Jun 10 2016 06:02:03,081 [main]  INFO - HHH000396: Updating schema
Jun 10 2016 06:02:03,102 [main]  INFO - HHH000262: Table not found: JKLCORDD
Jun 10 2016 06:02:03,103 [main]  INFO - HHH000262: Table not found: JKLCORDH
Jun 10 2016 06:02:03,104 [main]  INFO - HHH000262: Table not found: JKLCORDD
Jun 10 2016 06:02:03,104 [main]  INFO - HHH000262: Table not found: JKLCORDH
Jun 10 2016 06:02:03,106 [main] ERROR - HHH000388: Unsuccessful: create table JKIM.JKLCORDD (DILINE integer not null, DORDNO integer not null, DPCKCD varchar(255) not null, DATTEN varchar(255), DFULOC varchar(255), DGFTFG varchar(255), DLNSTS varchar(255), DITEM varchar(255), DMSGLN varchar(255), DUPCCD varchar(255), DOIQTY integer, DSADR1 varchar(255), DSADR2 varchar(255), DSADR3 varchar(255), DSCITY varchar(255), DSCNTY varchar(255), DSEMAL varchar(255), DSFNAM varchar(255), DSLNAM varchar(255), DSPHON varchar(255), DSSTAT varchar(255), DSZIPC varchar(255), DSPINS varchar(255), DSYSCD varchar(255), DTAXAM double, DTNDAC varchar(255), DTNDAM double, DTNDDS varchar(255), DPRICE double, primary key (DILINE, DORDNO, DPCKCD))
Jun 10 2016 06:02:03,106 [main] ERROR - object name already exists: JKLCORDD in statement [create table JKIM.JKLCORDD (DILINE integer not null, DORDNO integer not null, DPCKCD varchar(255) not null, DATTEN varchar(255), DFULOC varchar(255), DGFTFG varchar(255), DLNSTS varchar(255), DITEM varchar(255), DMSGLN varchar(255), DUPCCD varchar(255), DOIQTY integer, DSADR1 varchar(255), DSADR2 varchar(255), DSADR3 varchar(255), DSCITY varchar(255), DSCNTY varchar(255), DSEMAL varchar(255), DSFNAM varchar(255), DSLNAM varchar(255), DSPHON varchar(255), DSSTAT varchar(255), DSZIPC varchar(255), DSPINS varchar(255), DSYSCD varchar(255), DTAXAM double, DTNDAC varchar(255), DTNDAM double, DTNDDS varchar(255), DPRICE double, primary key (DILINE, DORDNO, DPCKCD))]
Jun 10 2016 06:02:03,107 [main] ERROR - HHH000388: Unsuccessful: create table OPCUS111.JKLCORDH (HORDNO integer not null, HPCKCD varchar(255) not null, HCPHON varchar(255), HCADR1 varchar(255), HCADR3 varchar(255), HCCITY varchar(255), HCCNTY varchar(255), HCEMAD varchar(255), HCFNAM varchar(255), HCLNAM varchar(255), HCUST integer, HCSTAT varchar(255), HCZIPC varchar(255), HCADR2 varchar(255), HFULOC varchar(255), HGFTFG varchar(255), HLOCCD varchar(255), HORMSG varchar(255), HSBTOT double, HPRDAT integer, HPROC varchar(255), HPRTIM integer, HRFORD integer, HSPVIA varchar(255), HSVDES varchar(255), HSPINS varchar(255), HSYSCD varchar(255), HTRTOT double, HTOTAX double, HTRCHN varchar(255), HTRSTS varchar(255), HTYPID varchar(255), HREVFG varchar(255), primary key (HORDNO, HPCKCD))
Jun 10 2016 06:02:03,107 [main] ERROR - invalid schema name: OPCUS111 in statement [create table OPCUS111.JKLCORDH (HORDNO integer not null, HPCKCD varchar(255) not null, HCPHON varchar(255), HCADR1 varchar(255), HCADR3 varchar(255), HCCITY varchar(255), HCCNTY varchar(255), HCEMAD varchar(255), HCFNAM varchar(255), HCLNAM varchar(255), HCUST integer, HCSTAT varchar(255), HCZIPC varchar(255), HCADR2 varchar(255), HFULOC varchar(255), HGFTFG varchar(255), HLOCCD varchar(255), HORMSG varchar(255), HSBTOT double, HPRDAT integer, HPROC varchar(255), HPRTIM integer, HRFORD integer, HSPVIA varchar(255), HSVDES varchar(255), HSPINS varchar(255), HSYSCD varchar(255), HTRTOT double, HTOTAX double, HTRCHN varchar(255), HTRSTS varchar(255), HTYPID varchar(255), HREVFG varchar(255), primary key (HORDNO, HPCKCD))]
Jun 10 2016 06:02:03,108 [main] ERROR - HHH000388: Unsuccessful: alter table JKIM.JKLCORDD add constraint FKC0FF01B1107809C foreign key (DORDNO, DPCKCD) references OPCUS111.JKLCORDH
Jun 10 2016 06:02:03,108 [main] ERROR - invalid schema name: OPCUS111
Jun 10 2016 06:02:03,108 [main]  INFO - HHH000232: Schema update complete
Jun 10 2016 06:31:08,221 [main]  INFO - HCANN000001: Hibernate Commons Annotations {4.0.1.Final}
Jun 10 2016 06:31:08,227 [main]  INFO - HHH000412: Hibernate Core {4.0.1.Final}
Jun 10 2016 06:31:08,229 [main]  INFO - HHH000206: hibernate.properties not found
Jun 10 2016 06:31:08,230 [main]  INFO - HHH000021: Bytecode provider name : javassist
Jun 10 2016 06:31:08,693 [main]  INFO - HHH000400: Using dialect: org.hibernate.dialect.HSQLDialect
Jun 10 2016 06:31:08,722 [main]  INFO - HHH000399: Using default transaction strategy (direct JDBC transactions)
Jun 10 2016 06:31:08,726 [main]  INFO - HHH000397: Using ASTQueryTranslatorFactory
Jun 10 2016 06:31:08,979 [main]  INFO - HHH000228: Running hbm2ddl schema update
Jun 10 2016 06:31:08,979 [main]  INFO - HHH000102: Fetching database metadata
Jun 10 2016 06:31:09,085 [main]  INFO - HHH000396: Updating schema
Jun 10 2016 06:31:09,107 [main]  INFO - HHH000262: Table not found: JKLCORDD
Jun 10 2016 06:31:09,109 [main]  INFO - HHH000262: Table not found: JKLCORDH
Jun 10 2016 06:31:09,111 [main]  INFO - HHH000262: Table not found: JKLCORDD
Jun 10 2016 06:31:09,112 [main]  INFO - HHH000262: Table not found: JKLCORDH
Jun 10 2016 06:31:09,117 [main] ERROR - HHH000388: Unsuccessful: create table JKIM.JKLCORDD (DILINE integer not null, DORDNO integer not null, DPCKCD varchar(255) not null, DATTEN varchar(255), DFULOC varchar(255), DGFTFG varchar(255), DLNSTS varchar(255), DITEM varchar(255), DMSGLN varchar(255), DUPCCD varchar(255), DOIQTY integer, DSADR1 varchar(255), DSADR2 varchar(255), DSADR3 varchar(255), DSCITY varchar(255), DSCNTY varchar(255), DSEMAL varchar(255), DSFNAM varchar(255), DSLNAM varchar(255), DSPHON varchar(255), DSSTAT varchar(255), DSZIPC varchar(255), DSPINS varchar(255), DSYSCD varchar(255), DTAXAM double, DTNDAC varchar(255), DTNDAM double, DTNDDS varchar(255), DPRICE double, primary key (DILINE, DORDNO, DPCKCD))
Jun 10 2016 06:31:09,117 [main] ERROR - object name already exists: JKLCORDD in statement [create table JKIM.JKLCORDD (DILINE integer not null, DORDNO integer not null, DPCKCD varchar(255) not null, DATTEN varchar(255), DFULOC varchar(255), DGFTFG varchar(255), DLNSTS varchar(255), DITEM varchar(255), DMSGLN varchar(255), DUPCCD varchar(255), DOIQTY integer, DSADR1 varchar(255), DSADR2 varchar(255), DSADR3 varchar(255), DSCITY varchar(255), DSCNTY varchar(255), DSEMAL varchar(255), DSFNAM varchar(255), DSLNAM varchar(255), DSPHON varchar(255), DSSTAT varchar(255), DSZIPC varchar(255), DSPINS varchar(255), DSYSCD varchar(255), DTAXAM double, DTNDAC varchar(255), DTNDAM double, DTNDDS varchar(255), DPRICE double, primary key (DILINE, DORDNO, DPCKCD))]
Jun 10 2016 06:31:09,118 [main] ERROR - HHH000388: Unsuccessful: create table OPCUS111.JKLCORDH (HORDNO integer not null, HPCKCD varchar(255) not null, HCPHON varchar(255), HCADR1 varchar(255), HCADR3 varchar(255), HCCITY varchar(255), HCCNTY varchar(255), HCEMAD varchar(255), HCFNAM varchar(255), HCLNAM varchar(255), HCUST integer, HCSTAT varchar(255), HCZIPC varchar(255), HCADR2 varchar(255), HFULOC varchar(255), HGFTFG varchar(255), HLOCCD varchar(255), HORMSG varchar(255), HSBTOT double, HPRDAT integer, HPROC varchar(255), HPRTIM integer, HRFORD integer, HSPVIA varchar(255), HSVDES varchar(255), HSPINS varchar(255), HSYSCD varchar(255), HTRTOT double, HTOTAX double, HTRCHN varchar(255), HTRSTS varchar(255), HTYPID varchar(255), HREVFG varchar(255), primary key (HORDNO, HPCKCD))
Jun 10 2016 06:31:09,119 [main] ERROR - invalid schema name: OPCUS111 in statement [create table OPCUS111.JKLCORDH (HORDNO integer not null, HPCKCD varchar(255) not null, HCPHON varchar(255), HCADR1 varchar(255), HCADR3 varchar(255), HCCITY varchar(255), HCCNTY varchar(255), HCEMAD varchar(255), HCFNAM varchar(255), HCLNAM varchar(255), HCUST integer, HCSTAT varchar(255), HCZIPC varchar(255), HCADR2 varchar(255), HFULOC varchar(255), HGFTFG varchar(255), HLOCCD varchar(255), HORMSG varchar(255), HSBTOT double, HPRDAT integer, HPROC varchar(255), HPRTIM integer, HRFORD integer, HSPVIA varchar(255), HSVDES varchar(255), HSPINS varchar(255), HSYSCD varchar(255), HTRTOT double, HTOTAX double, HTRCHN varchar(255), HTRSTS varchar(255), HTYPID varchar(255), HREVFG varchar(255), primary key (HORDNO, HPCKCD))]
Jun 10 2016 06:31:09,120 [main] ERROR - HHH000388: Unsuccessful: alter table JKIM.JKLCORDD add constraint FKC0FF01B1107809C foreign key (DORDNO, DPCKCD) references OPCUS111.JKLCORDH
Jun 10 2016 06:31:09,120 [main] ERROR - invalid schema name: OPCUS111
Jun 10 2016 06:31:09,120 [main]  INFO - HHH000232: Schema update complete
